2024.02.03 19:26:27 INFO  Started: Metals version 1.2.0 in folders '/home/joshua/Documents/Tek3/scalaTodo' for client Visual Studio Code 1.86.0.[0m
2024.02.03 19:26:27 WARN  Build server is not auto-connectable.[0m
2024.02.03 19:26:27 WARN  no build target for: /home/joshua/Documents/Tek3/scalaTodo/scalatodo/src/main/scala/Main.scala[0m
2024.02.03 19:26:30 WARN  no build target for: /home/joshua/Documents/Tek3/scalaTodo/scalatodo/src/main/scala/Main.scala[0m
2024.02.03 19:26:31 INFO  no build target found for /home/joshua/Documents/Tek3/scalaTodo/scalatodo/src/main/scala/Main.scala. Using presentation compiler with project's scala-library version: 3.3.1[0m
2024.02.03 19:26:32 INFO  time: code lens generation in 4.74s[0m
2024.02.03 19:26:32 INFO  time: code lens generation in 2.55s[0m
2024.02.03 19:26:35 WARN  no build target for: /home/joshua/Documents/Tek3/scalaTodo/scalatodo/src/main/scala/Main.scala[0m
2024.02.03 19:26:37 WARN  no build target for: /home/joshua/Documents/Tek3/scalaTodo/scalatodo/src/main/scala/Main.scala[0m
2024.02.03 19:26:38 WARN  no build target for: /home/joshua/Documents/Tek3/scalaTodo/scalatodo/src/main/scala/Main.scala[0m
2024.02.03 19:26:50 WARN  no build target for: /home/joshua/Documents/Tek3/scalaTodo/scalatodo/src/test/scala/MySuite.scala[0m
2024.02.03 19:29:39 WARN  no build target for: /home/joshua/Documents/Tek3/scalaTodo/scalatodo/src/package.scala[0m
2024.02.03 19:30:10 WARN  no build target for: /home/joshua/Documents/Tek3/scalaTodo/scalatodo/src/package.scala[0m
2024.02.03 19:30:17 WARN  no build target for: /home/joshua/Documents/Tek3/scalaTodo/scalatodo/src/package.scala[0m
2024.02.03 19:31:02 WARN  no build target for: /home/joshua/Documents/Tek3/scalaTodo/scalatodo/src/package.scala[0m
2024.02.03 19:32:28 WARN  no build target for: /home/joshua/Documents/Tek3/scalaTodo/scalatodo/src/package.scala[0m
2024.02.03 19:32:44 WARN  no build target for: /home/joshua/Documents/Tek3/scalaTodo/scalatodo/src/main/scala/Main.scala[0m
2024.02.03 19:33:01 WARN  no build target for: /home/joshua/Documents/Tek3/scalaTodo/scalatodo/src/package.scala[0m
2024.02.03 19:33:06 WARN  no build target for: /home/joshua/Documents/Tek3/scalaTodo/scalatodo/src/main/scala/Main.scala[0m
2024.02.03 19:33:13 WARN  no build target for: /home/joshua/Documents/Tek3/scalaTodo/scalatodo/src/main/scala/package.scala[0m
2024.02.03 19:33:36 WARN  no build target for: /home/joshua/Documents/Tek3/scalaTodo/scalatodo/src/main/scala/package.scala[0m
2024.02.03 19:33:40 WARN  no build target for: /home/joshua/Documents/Tek3/scalaTodo/scalatodo/src/main/scala/package.scala[0m
2024.02.03 19:33:49 WARN  no build target for: /home/joshua/Documents/Tek3/scalaTodo/scalatodo/src/main/scala/todo.scala[0m
2024.02.03 19:34:03 WARN  no build target for: /home/joshua/Documents/Tek3/scalaTodo/scalatodo/src/main/scala/Shell.scala[0m
2024.02.03 19:34:46 WARN  no build target for: /home/joshua/Documents/Tek3/scalaTodo/scalatodo/src/main/scala/Shell.scala[0m
2024.02.03 19:34:55 WARN  no build target for: /home/joshua/Documents/Tek3/scalaTodo/scalatodo/src/main/scala/Shell.scala[0m
2024.02.03 19:35:02 WARN  no build target for: /home/joshua/Documents/Tek3/scalaTodo/scalatodo/src/main/scala/Shell.scala[0m
Feb 03, 2024 7:35:02 PM org.eclipse.lsp4j.jsonrpc.RemoteEndpoint handleCancellation
WARNING: Unmatched cancel notification for request id 448
2024.02.03 19:35:02 WARN  no build target for: /home/joshua/Documents/Tek3/scalaTodo/scalatodo/src/main/scala/Shell.scala[0m
2024.02.03 19:35:35 WARN  no build target for: /home/joshua/Documents/Tek3/scalaTodo/scalatodo/src/main/scala/Shell.scala[0m
2024.02.03 19:36:06 WARN  no build target for: /home/joshua/Documents/Tek3/scalaTodo/scalatodo/src/main/scala/Shell.scala[0m
2024.02.03 19:36:16 WARN  no build target for: /home/joshua/Documents/Tek3/scalaTodo/scalatodo/src/main/scala/Shell.scala[0m
2024.02.03 19:36:17 WARN  no build target for: /home/joshua/Documents/Tek3/scalaTodo/scalatodo/src/main/scala/Shell.scala[0m
2024.02.03 19:36:32 WARN  no build target for: /home/joshua/Documents/Tek3/scalaTodo/scalatodo/src/main/scala/Shell.scala[0m
2024.02.03 19:36:50 WARN  no build target for: /home/joshua/Documents/Tek3/scalaTodo/scalatodo/src/main/scala/Shell.scala[0m
2024.02.03 19:37:04 WARN  no build target for: /home/joshua/Documents/Tek3/scalaTodo/scalatodo/src/main/scala/Shell.scala[0m
2024.02.03 19:37:05 WARN  no build target for: /home/joshua/Documents/Tek3/scalaTodo/scalatodo/src/main/scala/Shell.scala[0m
2024.02.03 19:37:09 WARN  no build target for: /home/joshua/Documents/Tek3/scalaTodo/scalatodo/src/main/scala/Shell.scala[0m
2024.02.03 19:37:14 WARN  no build target for: /home/joshua/Documents/Tek3/scalaTodo/scalatodo/src/main/scala/Shell.scala[0m
2024.02.03 19:37:22 WARN  no build target for: /home/joshua/Documents/Tek3/scalaTodo/scalatodo/src/main/scala/Shell.scala[0m
2024.02.03 19:37:27 WARN  no build target for: /home/joshua/Documents/Tek3/scalaTodo/scalatodo/src/main/scala/Shell.scala[0m
2024.02.03 19:37:46 WARN  no build target for: /home/joshua/Documents/Tek3/scalaTodo/scalatodo/src/main/scala/Shell.scala[0m
2024.02.03 19:37:51 WARN  no build target for: /home/joshua/Documents/Tek3/scalaTodo/scalatodo/src/main/scala/Shell.scala[0m
2024.02.03 19:38:06 WARN  no build target for: /home/joshua/Documents/Tek3/scalaTodo/scalatodo/src/main/scala/Shell.scala[0m
2024.02.03 19:38:35 WARN  no build target for: /home/joshua/Documents/Tek3/scalaTodo/scalatodo/src/main/scala/Shell.scala[0m
2024.02.03 19:39:22 WARN  no build target for: /home/joshua/Documents/Tek3/scalaTodo/scalatodo/src/main/scala/todo.scala[0m
Feb 03, 2024 7:39:31 PM org.eclipse.lsp4j.jsonrpc.RemoteEndpoint handleCancellation
WARNING: Unmatched cancel notification for request id 962
2024.02.03 19:39:38 WARN  no build target for: /home/joshua/Documents/Tek3/scalaTodo/scalatodo/src/main/scala/todo.scala[0m
2024.02.03 19:39:49 WARN  no build target for: /home/joshua/Documents/Tek3/scalaTodo/scalatodo/src/main/scala/todo.scala[0m
2024.02.03 19:40:00 WARN  no build target for: /home/joshua/Documents/Tek3/scalaTodo/scalatodo/src/main/scala/todo.scala[0m
2024.02.03 19:40:19 WARN  no build target for: /home/joshua/Documents/Tek3/scalaTodo/scalatodo/src/main/scala/todo.scala[0m
2024.02.03 19:40:42 WARN  no build target for: /home/joshua/Documents/Tek3/scalaTodo/scalatodo/src/main/scala/todo.scala[0m
2024.02.03 19:40:48 WARN  no build target for: /home/joshua/Documents/Tek3/scalaTodo/scalatodo/src/main/scala/Shell.scala[0m
2024.02.03 19:40:56 WARN  no build target for: /home/joshua/Documents/Tek3/scalaTodo/scalatodo/src/main/scala/Shell.scala[0m
2024.02.03 19:41:06 WARN  no build target for: /home/joshua/Documents/Tek3/scalaTodo/scalatodo/src/main/scala/Shell.scala[0m
2024.02.03 19:41:32 WARN  no build target for: /home/joshua/Documents/Tek3/scalaTodo/scalatodo/src/main/scala/Shell.scala[0m
Feb 03, 2024 7:42:40 PM org.eclipse.lsp4j.jsonrpc.RemoteEndpoint fallbackResponseError
SEVERE: Internal error: java.nio.file.NoSuchFileException: /home/joshua/Documents/Tek3/scalaTodo/scalatodo/.metals/.scalafmt.conf
java.util.concurrent.CompletionException: java.nio.file.NoSuchFileException: /home/joshua/Documents/Tek3/scalaTodo/scalatodo/.metals/.scalafmt.conf
	at java.base/java.util.concurrent.CompletableFuture.encodeThrowable(CompletableFuture.java:332)
	at java.base/java.util.concurrent.CompletableFuture.completeThrowable(CompletableFuture.java:347)
	at java.base/java.util.concurrent.CompletableFuture$UniAccept.tryFire(CompletableFuture.java:708)
	at java.base/java.util.concurrent.CompletableFuture.postComplete(CompletableFuture.java:510)
	at java.base/java.util.concurrent.CompletableFuture.completeExceptionally(CompletableFuture.java:2162)
	at scala.meta.internal.metals.CancelTokens$.$anonfun$future$1(CancelTokens.scala:40)
	at scala.meta.internal.metals.CancelTokens$.$anonfun$future$1$adapted(CancelTokens.scala:38)
	at scala.concurrent.impl.Promise$Transformation.run(Promise.scala:484)
	at java.base/java.util.concurrent.ThreadPoolExecutor.runWorker(ThreadPoolExecutor.java:1136)
	at java.base/java.util.concurrent.ThreadPoolExecutor$Worker.run(ThreadPoolExecutor.java:635)
	at java.base/java.lang.Thread.run(Thread.java:833)
Caused by: java.nio.file.NoSuchFileException: /home/joshua/Documents/Tek3/scalaTodo/scalatodo/.metals/.scalafmt.conf
	at java.base/sun.nio.fs.UnixException.translateToIOException(UnixException.java:92)
	at java.base/sun.nio.fs.UnixException.rethrowAsIOException(UnixException.java:106)
	at java.base/sun.nio.fs.UnixException.rethrowAsIOException(UnixException.java:111)
	at java.base/sun.nio.fs.UnixFileSystemProvider.newByteChannel(UnixFileSystemProvider.java:219)
	at java.base/java.nio.file.spi.FileSystemProvider.newOutputStream(FileSystemProvider.java:484)
	at java.base/java.nio.file.Files.newOutputStream(Files.java:228)
	at java.base/java.nio.file.Files.write(Files.java:3512)
	at scala.meta.internal.metals.FormattingProvider.$anonfun$handleMissingFile$1(FormattingProvider.scala:229)
	at scala.concurrent.impl.Promise$Transformation.run(Promise.scala:467)
	... 3 more

2024.02.03 19:42:42 WARN  no build target for: /home/joshua/Documents/Tek3/scalaTodo/scalatodo/src/main/scala/Shell.scala[0m
2024.02.03 19:42:46 WARN  no build target for: /home/joshua/Documents/Tek3/scalaTodo/scalatodo/src/main/scala/Shell.scala[0m
2024.02.03 19:42:52 WARN  no build target for: /home/joshua/Documents/Tek3/scalaTodo/scalatodo/src/main/scala/Shell.scala[0m
2024.02.03 19:42:58 WARN  Using indexes to guess the definition of add[0m
2024.02.03 19:42:58 WARN  no build target for: /home/joshua/Documents/Tek3/scalaTodo/scalatodo/src/main/scala/Shell.scala[0m
2024.02.03 19:43:20 WARN  no build target for: /home/joshua/Documents/Tek3/scalaTodo/scalatodo/src/main/scala/Shell.scala[0m
2024.02.03 19:43:38 WARN  no build target for: /home/joshua/Documents/Tek3/scalaTodo/scalatodo/src/main/scala/Shell.scala[0m
2024.02.03 19:44:23 WARN  no build target for: /home/joshua/Documents/Tek3/scalaTodo/scalatodo/src/main/scala/Shell.scala[0m
2024.02.03 19:44:31 WARN  no build target for: /home/joshua/Documents/Tek3/scalaTodo/scalatodo/src/main/scala/Shell.scala[0m
2024.02.03 19:44:37 WARN  no build target for: /home/joshua/Documents/Tek3/scalaTodo/scalatodo/src/main/scala/Shell.scala[0m
2024.02.03 19:44:48 WARN  no build target for: /home/joshua/Documents/Tek3/scalaTodo/scalatodo/src/main/scala/Shell.scala[0m
2024.02.03 19:44:58 WARN  no build target for: /home/joshua/Documents/Tek3/scalaTodo/scalatodo/src/main/scala/Shell.scala[0m
2024.02.03 19:45:04 WARN  no build target for: /home/joshua/Documents/Tek3/scalaTodo/scalatodo/src/main/scala/Shell.scala[0m
2024.02.03 19:45:10 WARN  no build target for: /home/joshua/Documents/Tek3/scalaTodo/scalatodo/src/main/scala/Shell.scala[0m
2024.02.03 19:45:15 WARN  no build target for: /home/joshua/Documents/Tek3/scalaTodo/scalatodo/src/main/scala/Shell.scala[0m
Feb 03, 2024 7:45:50 PM org.eclipse.lsp4j.jsonrpc.services.GenericEndpoint notify
INFO: Unsupported notification method: $/setTrace
2024.02.03 19:46:18 WARN  no build target for: /home/joshua/Documents/Tek3/scalaTodo/scalatodo/src/main/scala/Shell.scala[0m
2024.02.03 19:46:30 WARN  no build target for: /home/joshua/Documents/Tek3/scalaTodo/scalatodo/src/main/scala/Main.scala[0m
2024.02.03 19:46:35 WARN  no build target for: /home/joshua/Documents/Tek3/scalaTodo/scalatodo/src/main/scala/Main.scala[0m
2024.02.03 19:46:37 WARN  no build target for: /home/joshua/Documents/Tek3/scalaTodo/scalatodo/src/main/scala/Main.scala[0m
2024.02.03 19:46:43 WARN  no build target for: /home/joshua/Documents/Tek3/scalaTodo/scalatodo/src/main/scala/Shell.scala[0m
2024.02.03 19:46:57 WARN  no build target for: /home/joshua/Documents/Tek3/scalaTodo/scalatodo/src/main/scala/Main.scala[0m
2024.02.03 19:46:59 WARN  no build target for: /home/joshua/Documents/Tek3/scalaTodo/scalatodo/src/main/scala/Main.scala[0m
2024.02.03 19:47:34 WARN  no build target for: /home/joshua/Documents/Tek3/scalaTodo/scalatodo/src/main/scala/Shell.scala[0m
2024.02.03 19:47:34 WARN  no build target for: /home/joshua/Documents/Tek3/scalaTodo/scalatodo/src/main/scala/Shell.scala[0m
2024.02.03 19:47:38 WARN  no build target for: /home/joshua/Documents/Tek3/scalaTodo/scalatodo/src/main/scala/Shell.scala[0m
2024.02.03 19:47:53 WARN  no build target for: /home/joshua/Documents/Tek3/scalaTodo/scalatodo/src/main/scala/Shell.scala[0m
2024.02.03 19:47:53 WARN  no build target for: /home/joshua/Documents/Tek3/scalaTodo/scalatodo/src/main/scala/Shell.scala[0m
2024.02.03 19:47:54 WARN  no build target for: /home/joshua/Documents/Tek3/scalaTodo/scalatodo/src/main/scala/Shell.scala[0m
2024.02.03 19:48:17 WARN  no build target for: /home/joshua/Documents/Tek3/scalaTodo/scalatodo/src/main/scala/Shell.scala[0m
2024.02.03 19:48:20 WARN  no build target for: /home/joshua/Documents/Tek3/scalaTodo/scalatodo/src/main/scala/Shell.scala[0m
2024.02.03 19:48:23 WARN  no build target for: /home/joshua/Documents/Tek3/scalaTodo/scalatodo/src/main/scala/Shell.scala[0m
2024.02.03 19:48:29 WARN  no build target for: /home/joshua/Documents/Tek3/scalaTodo/scalatodo/src/main/scala/Shell.scala[0m
2024.02.03 19:48:36 WARN  no build target for: /home/joshua/Documents/Tek3/scalaTodo/scalatodo/src/main/scala/Shell.scala[0m
2024.02.03 19:48:41 WARN  no build target for: /home/joshua/Documents/Tek3/scalaTodo/scalatodo/src/main/scala/Shell.scala[0m
2024.02.03 19:49:01 WARN  no build target for: /home/joshua/Documents/Tek3/scalaTodo/scalatodo/src/main/scala/todo.scala[0m
2024.02.03 19:49:07 WARN  no build target for: /home/joshua/Documents/Tek3/scalaTodo/scalatodo/src/main/scala/todo.scala[0m
2024.02.03 19:49:12 WARN  no build target for: /home/joshua/Documents/Tek3/scalaTodo/scalatodo/src/main/scala/todo.scala[0m
2024.02.03 19:49:19 WARN  no build target for: /home/joshua/Documents/Tek3/scalaTodo/scalatodo/src/main/scala/todo.scala[0m
2024.02.03 19:49:20 WARN  no build target for: /home/joshua/Documents/Tek3/scalaTodo/scalatodo/src/main/scala/todo.scala[0m
2024.02.03 19:49:39 WARN  no build target for: /home/joshua/Documents/Tek3/scalaTodo/scalatodo/src/main/scala/Shell.scala[0m
2024.02.03 19:49:57 WARN  no build target for: /home/joshua/Documents/Tek3/scalaTodo/scalatodo/src/main/scala/Shell.scala[0m
Feb 03, 2024 7:50:09 PM org.eclipse.lsp4j.jsonrpc.RemoteEndpoint handleCancellation
WARNING: Unmatched cancel notification for request id 2038
2024.02.03 19:50:13 WARN  no build target for: /home/joshua/Documents/Tek3/scalaTodo/scalatodo/src/main/scala/Shell.scala[0m
2024.02.03 19:50:53 WARN  no build target for: /home/joshua/Documents/Tek3/scalaTodo/scalatodo/src/main/scala/Shell.scala[0m
2024.02.03 19:51:06 WARN  no build target for: /home/joshua/Documents/Tek3/scalaTodo/scalatodo/src/main/scala/Shell.scala[0m
2024.02.03 19:51:08 WARN  no build target for: /home/joshua/Documents/Tek3/scalaTodo/scalatodo/src/main/scala/Shell.scala[0m
2024.02.03 19:51:08 WARN  Using indexes to guess the definition of remove[0m
2024.02.03 19:51:09 WARN  Using indexes to guess the definition of remove[0m
2024.02.03 19:51:45 WARN  no build target for: /home/joshua/Documents/Tek3/scalaTodo/scalatodo/src/main/scala/todo.scala[0m
2024.02.03 19:51:52 WARN  no build target for: /home/joshua/Documents/Tek3/scalaTodo/scalatodo/src/main/scala/todo.scala[0m
2024.02.03 19:51:55 WARN  no build target for: /home/joshua/Documents/Tek3/scalaTodo/scalatodo/src/main/scala/Shell.scala[0m
2024.02.03 19:52:20 WARN  no build target for: /home/joshua/Documents/Tek3/scalaTodo/scalatodo/src/main/scala/Shell.scala[0m
2024.02.03 19:52:20 WARN  no build target for: /home/joshua/Documents/Tek3/scalaTodo/scalatodo/src/main/scala/Shell.scala[0m
2024.02.03 19:52:25 WARN  no build target for: /home/joshua/Documents/Tek3/scalaTodo/scalatodo/src/main/scala/Shell.scala[0m
2024.02.03 19:52:35 WARN  no build target for: /home/joshua/Documents/Tek3/scalaTodo/scalatodo/src/main/scala/todo.scala[0m
Feb 03, 2024 7:52:38 PM org.eclipse.lsp4j.jsonrpc.RemoteEndpoint handleCancellation
WARNING: Unmatched cancel notification for request id 2352
2024.02.03 19:52:38 WARN  no build target for: /home/joshua/Documents/Tek3/scalaTodo/scalatodo/src/main/scala/todo.scala[0m
Feb 03, 2024 7:53:34 PM org.eclipse.lsp4j.jsonrpc.RemoteEndpoint handleCancellation
WARNING: Unmatched cancel notification for request id 2383
2024.02.03 19:53:40 WARN  no build target for: /home/joshua/Documents/Tek3/scalaTodo/scalatodo/src/main/scala/Shell.scala[0m
2024.02.03 19:53:49 WARN  no build target for: /home/joshua/Documents/Tek3/scalaTodo/scalatodo/src/main/scala/Shell.scala[0m
2024.02.03 19:53:53 WARN  no build target for: /home/joshua/Documents/Tek3/scalaTodo/scalatodo/src/main/scala/Shell.scala[0m
2024.02.03 19:54:52 WARN  no build target for: /home/joshua/Documents/Tek3/scalaTodo/scalatodo/src/main/scala/Shell.scala[0m
2024.02.03 19:55:38 WARN  no build target for: /home/joshua/Documents/Tek3/scalaTodo/scalatodo/src/main/scala/Shell.scala[0m
2024.02.03 19:55:50 WARN  no build target for: /home/joshua/Documents/Tek3/scalaTodo/scalatodo/src/main/scala/Shell.scala[0m
2024.02.03 19:56:21 WARN  no build target for: /home/joshua/Documents/Tek3/scalaTodo/scalatodo/src/main/scala/Shell.scala[0m
2024.02.03 19:57:07 WARN  no build target for: /home/joshua/Documents/Tek3/scalaTodo/scalatodo/src/main/scala/Shell.scala[0m
2024.02.03 19:58:57 WARN  no build target for: /home/joshua/Documents/Tek3/scalaTodo/scalatodo/src/main/scala/Shell.scala[0m
2024.02.03 19:59:42 WARN  no build target for: /home/joshua/Documents/Tek3/scalaTodo/scalatodo/src/main/scala/Shell.scala[0m
2024.02.03 20:00:00 WARN  no build target for: /home/joshua/Documents/Tek3/scalaTodo/scalatodo/src/main/scala/Shell.scala[0m
2024.02.03 20:00:01 WARN  no build target for: /home/joshua/Documents/Tek3/scalaTodo/scalatodo/src/main/scala/Shell.scala[0m
2024.02.03 20:00:27 WARN  no build target for: /home/joshua/Documents/Tek3/scalaTodo/scalatodo/src/main/scala/todo.scala[0m
2024.02.03 20:00:53 WARN  no build target for: /home/joshua/Documents/Tek3/scalaTodo/scalatodo/src/main/scala/Shell.scala[0m
2024.02.03 20:01:09 WARN  no build target for: /home/joshua/Documents/Tek3/scalaTodo/scalatodo/src/main/scala/Shell.scala[0m
2024.02.03 20:01:13 WARN  no build target for: /home/joshua/Documents/Tek3/scalaTodo/scalatodo/src/main/scala/Shell.scala[0m
2024.02.03 20:01:17 WARN  no build target for: /home/joshua/Documents/Tek3/scalaTodo/scalatodo/src/main/scala/Shell.scala[0m
2024.02.03 20:01:23 WARN  Using indexes to guess the definition of remove[0m
2024.02.03 20:01:24 WARN  no build target for: /home/joshua/Documents/Tek3/scalaTodo/scalatodo/src/main/scala/Shell.scala[0m
2024.02.03 20:01:26 WARN  Using indexes to guess the definition of enumerate[0m
2024.02.03 20:01:26 WARN  no build target for: /home/joshua/Documents/Tek3/scalaTodo/scalatodo/src/main/scala/Shell.scala[0m
2024.02.03 20:01:50 WARN  no build target for: /home/joshua/Documents/Tek3/scalaTodo/scalatodo/src/main/scala/Shell.scala[0m
2024.02.03 20:01:53 WARN  no build target for: /home/joshua/Documents/Tek3/scalaTodo/scalatodo/src/main/scala/Shell.scala[0m
2024.02.03 20:02:26 WARN  no build target for: /home/joshua/Documents/Tek3/scalaTodo/scalatodo/src/main/scala/Shell.scala[0m
2024.02.03 20:02:53 WARN  no build target for: /home/joshua/Documents/Tek3/scalaTodo/scalatodo/src/main/scala/Shell.scala[0m
2024.02.03 20:03:16 WARN  no build target for: /home/joshua/Documents/Tek3/scalaTodo/scalatodo/src/main/scala/Shell.scala[0m
2024.02.03 20:03:16 WARN  Using indexes to guess the definition of tick[0m
2024.02.03 20:03:17 WARN  Using indexes to guess the definition of tick[0m
2024.02.03 20:03:32 WARN  no build target for: /home/joshua/Documents/Tek3/scalaTodo/scalatodo/src/main/scala/todo.scala[0m
2024.02.03 20:04:13 WARN  no build target for: /home/joshua/Documents/Tek3/scalaTodo/scalatodo/src/main/scala/todo.scala[0m
2024.02.03 20:04:24 WARN  no build target for: /home/joshua/Documents/Tek3/scalaTodo/scalatodo/src/main/scala/todo.scala[0m
2024.02.03 20:04:35 WARN  no build target for: /home/joshua/Documents/Tek3/scalaTodo/scalatodo/src/main/scala/todo.scala[0m
2024.02.03 20:04:55 WARN  no build target for: /home/joshua/Documents/Tek3/scalaTodo/scalatodo/src/main/scala/todo.scala[0m
2024.02.03 20:05:09 WARN  no build target for: /home/joshua/Documents/Tek3/scalaTodo/scalatodo/src/main/scala/todo.scala[0m
2024.02.03 20:06:39 WARN  no build target for: /home/joshua/Documents/Tek3/scalaTodo/scalatodo/src/main/scala/Shell.scala[0m
2024.02.03 20:06:42 WARN  no build target for: /home/joshua/Documents/Tek3/scalaTodo/scalatodo/src/main/scala/Shell.scala[0m
Feb 03, 2024 8:07:20 PM org.eclipse.lsp4j.jsonrpc.RemoteEndpoint handleCancellation
WARNING: Unmatched cancel notification for request id 3302
2024.02.03 20:07:20 WARN  no build target for: /home/joshua/Documents/Tek3/scalaTodo/scalatodo/src/main/scala/Shell.scala[0m
2024.02.03 20:07:23 WARN  no build target for: /home/joshua/Documents/Tek3/scalaTodo/scalatodo/src/main/scala/Shell.scala[0m
2024.02.03 20:07:32 WARN  no build target for: /home/joshua/Documents/Tek3/scalaTodo/scalatodo/src/main/scala/Shell.scala[0m
2024.02.03 20:07:51 WARN  no build target for: /home/joshua/Documents/Tek3/scalaTodo/scalatodo/src/main/scala/Shell.scala[0m
2024.02.03 20:08:51 WARN  no build target for: /home/joshua/Documents/Tek3/scalaTodo/scalatodo/src/main/scala/Shell.scala[0m
2024.02.03 20:09:01 WARN  no build target for: /home/joshua/Documents/Tek3/scalaTodo/scalatodo/src/main/scala/Shell.scala[0m
2024.02.03 20:09:49 WARN  no build target for: /home/joshua/Documents/Tek3/scalaTodo/scalatodo/src/main/scala/Shell.scala[0m
2024.02.03 20:10:30 WARN  no build target for: /home/joshua/Documents/Tek3/scalaTodo/scalatodo/src/main/scala/Shell.scala[0m
2024.02.03 20:10:48 WARN  no build target for: /home/joshua/Documents/Tek3/scalaTodo/scalatodo/src/main/scala/Main.scala[0m
Feb 03, 2024 8:11:11 PM org.eclipse.lsp4j.jsonrpc.RemoteEndpoint handleCancellation
WARNING: Unmatched cancel notification for request id 3531
2024.02.03 20:11:12 WARN  no build target for: /home/joshua/Documents/Tek3/scalaTodo/scalatodo/src/main/scala/Main.scala[0m
2024.02.03 20:11:39 WARN  no build target for: /home/joshua/Documents/Tek3/scalaTodo/scalatodo/src/main/scala/Shell.scala[0m
2024.02.03 20:13:45 WARN  no build target for: /home/joshua/Documents/Tek3/scalaTodo/scalatodo/src/main/scala/todo.scala[0m
2024.02.03 20:14:03 WARN  no build target for: /home/joshua/Documents/Tek3/scalaTodo/scalatodo/src/main/scala/Shell.scala[0m
2024.02.03 20:14:10 WARN  no build target for: /home/joshua/Documents/Tek3/scalaTodo/scalatodo/src/main/scala/Shell.scala[0m
2024.02.03 20:14:20 WARN  no build target for: /home/joshua/Documents/Tek3/scalaTodo/scalatodo/src/main/scala/Shell.scala[0m
2024.02.03 20:14:29 WARN  no build target for: /home/joshua/Documents/Tek3/scalaTodo/scalatodo/src/main/scala/Shell.scala[0m
2024.02.03 20:16:34 WARN  no build target for: /home/joshua/Documents/Tek3/scalaTodo/scalatodo/src/main/scala/Shell.scala[0m
